Started GET "/" for 127.0.0.1 at 2017-06-27 01:05:48 +0900
Processing by Rails::WelcomeController#index as HTML
  Parameters: {"internal"=>true}
  Rendering vendor/bundle/ruby/2.2.0/gems/railties-5.0.4/lib/rails/templates/rails/welcome/index.html.erb
  Rendered vendor/bundle/ruby/2.2.0/gems/railties-5.0.4/lib/rails/templates/rails/welcome/index.html.erb (6.0ms)
Completed 200 OK in 38ms (Views: 14.6ms | ActiveRecord: 0.0ms)


Started GET "/" for 127.0.0.1 at 2017-06-27 01:11:25 +0900
Processing by Rails::WelcomeController#index as HTML
  Parameters: {"internal"=>true}
  Rendering vendor/bundle/ruby/2.4.0/gems/railties-5.0.4/lib/rails/templates/rails/welcome/index.html.erb
  Rendered vendor/bundle/ruby/2.4.0/gems/railties-5.0.4/lib/rails/templates/rails/welcome/index.html.erb (4.6ms)
Completed 200 OK in 26ms (Views: 12.5ms | ActiveRecord: 0.0ms)


Started GET "/" for 127.0.0.1 at 2017-06-27 01:11:28 +0900
Processing by Rails::WelcomeController#index as HTML
  Parameters: {"internal"=>true}
  Rendering vendor/bundle/ruby/2.4.0/gems/railties-5.0.4/lib/rails/templates/rails/welcome/index.html.erb
  Rendered vendor/bundle/ruby/2.4.0/gems/railties-5.0.4/lib/rails/templates/rails/welcome/index.html.erb (3.6ms)
Completed 200 OK in 11ms (Views: 7.6ms | ActiveRecord: 0.0ms)


  [1m[35m (52.0ms)[0m  [1m[35mCREATE TABLE `schema_migrations` (`version` varchar(255) PRIMARY KEY) ENGINE=InnoDB[0m
  [1m[35m (11.6ms)[0m  [1m[35mCREATE TABLE `ar_internal_metadata` (`key` varchar(255) PRIMARY KEY, `value` varchar(255), `created_at` datetime NOT NULL, `updated_at` datetime NOT NULL) ENGINE=InnoDB[0m
  [1m[35m (0.2ms)[0m  [1m[34mSELECT DATABASE() as db[0m
  [1m[35m (24.3ms)[0m  [1m[34mSELECT GET_LOCK('7095594886384237485', 0);[0m
  [1m[36mActiveRecord::SchemaMigration Load (5.9ms)[0m  [1m[34mSELECT `schema_migrations`.* FROM `schema_migrations`[0m
Migrating to CreateUsers (20170626161223)
  [1m[35m (15.0ms)[0m  [1m[35mCREATE TABLE `users` (`id` int AUTO_INCREMENT PRIMARY KEY, `name` varchar(255), `email` varchar(255), `created_at` datetime NOT NULL, `updated_at` datetime NOT NULL) ENGINE=InnoDB[0m
  [1m[35m (0.2ms)[0m  [1m[35mBEGIN[0m
  [1m[35mSQL (3.8ms)[0m  [1m[32mINSERT INTO `schema_migrations` (`version`) VALUES ('20170626161223')[0m
  [1m[35m (0.7ms)[0m  [1m[35mCOMMIT[0m
  [1m[36mActiveRecord::InternalMetadata Load (0.9ms)[0m  [1m[34mSELECT  `ar_internal_metadata`.* FROM `ar_internal_metadata` WHERE `ar_internal_metadata`.`key` = 'environment' LIMIT 1[0m
  [1m[35m (0.2ms)[0m  [1m[35mBEGIN[0m
  [1m[35mSQL (0.6ms)[0m  [1m[32mINSERT INTO `ar_internal_metadata` (`key`, `value`, `created_at`, `updated_at`) VALUES ('environment', 'development', '2017-06-26 16:12:46', '2017-06-26 16:12:46')[0m
  [1m[35m (0.4ms)[0m  [1m[35mCOMMIT[0m
  [1m[35m (0.2ms)[0m  [1m[34mSELECT RELEASE_LOCK('7095594886384237485')[0m
  [1m[36mActiveRecord::SchemaMigration Load (0.2ms)[0m  [1m[34mSELECT `schema_migrations`.* FROM `schema_migrations`[0m
  [1m[35m (0.4ms)[0m  [1m[35mSHOW CREATE TABLE `users`[0m
  [1m[35m (0.3ms)[0m  [1m[35mSHOW TABLE STATUS LIKE 'users'[0m
Started GET "/users" for 127.0.0.1 at 2017-06-27 01:15:53 +0900
  [1m[36mActiveRecord::SchemaMigration Load (0.5ms)[0m  [1m[34mSELECT `schema_migrations`.* FROM `schema_migrations`[0m
Processing by UsersController#index as HTML
  Rendering users/index.html.erb within layouts/application
  [1m[36mUser Load (0.4ms)[0m  [1m[34mSELECT `users`.* FROM `users`[0m
  Rendered users/index.html.erb within layouts/application (7.5ms)
Completed 200 OK in 983ms (Views: 964.9ms | ActiveRecord: 1.0ms)


